*** Starting uWSGI 2.0.18 (64bit) on [Mon Dec 23 10:39:58 2019] ***
compiled with version: 7.4.0 on 20 December 2019 02:48:36
os: Linux-5.0.0-37-generic #40~18.04.1-Ubuntu SMP Thu Nov 14 12:06:39 UTC 2019
nodename: tsc-System-Product-Name
machine: x86_64
clock source: unix
pcre jit disabled
detected number of CPU cores: 6
current working directory: /home/test/django/ReviewLp
writing pidfile to /home/test/django/ReviewLp/mysite_uwsgi/master.pid
detected binary path: /usr/local/bin/uwsgi
uWSGI running as root, you can use --uid/--gid/--chroot options
setuid() to 1000
chdir() to /home/test/django/ReviewLp/Review/
your processes number limit is 63328
your memory page size is 4096 bytes
detected max file descriptor number: 1024
VirtualHosting mode enabled.
lock engine: pthread robust mutexes
thunder lock: disabled (you can enable it with --thunder-lock)
probably another instance of uWSGI is running on the same address (0.0.0.0:8080).
bind(): Address already in use [core/socket.c line 769]
*** Starting uWSGI 2.0.18 (64bit) on [Mon Dec 23 10:45:37 2019] ***
compiled with version: 7.4.0 on 20 December 2019 02:48:36
os: Linux-5.0.0-37-generic #40~18.04.1-Ubuntu SMP Thu Nov 14 12:06:39 UTC 2019
nodename: tsc-System-Product-Name
machine: x86_64
clock source: unix
pcre jit disabled
detected number of CPU cores: 6
current working directory: /home/test/django/ReviewLp
writing pidfile to /home/test/django/ReviewLp/mysite_uwsgi/master.pid
detected binary path: /usr/local/bin/uwsgi
uWSGI running as root, you can use --uid/--gid/--chroot options
setuid() to 1000
chdir() to /home/test/django/ReviewLp/Review/
your processes number limit is 63328
your memory page size is 4096 bytes
detected max file descriptor number: 1024
VirtualHosting mode enabled.
lock engine: pthread robust mutexes
thunder lock: disabled (you can enable it with --thunder-lock)
uwsgi socket 0 bound to TCP address 0.0.0.0:8081 fd 3
Python version: 3.6.9 (default, Nov  7 2019, 10:44:02)  [GCC 8.3.0]
Python main interpreter initialized at 0x5604e413d740
python threads support enabled
your server socket listen backlog is limited to 100 connections
your mercy for graceful operations on workers is 60 seconds
mapped 1750220 bytes (1709 KB) for 16 cores
*** Operational MODE: preforking+threaded ***
ModuleNotFoundError: No module named 'mysite'
unable to load app 0 (mountpoint='') (callable not found or import error)
Traceback (most recent call last):
  File "Review/wsgi.py", line 12, in <module>
    from django.core.wsgi import get_wsgi_application
ModuleNotFoundError: No module named 'django'
unable to load app 0 (mountpoint='') (callable not found or import error)
*** no app loaded. going in full dynamic mode ***
*** uWSGI is running in multiple interpreter mode ***
spawned uWSGI master process (pid: 10795)
spawned uWSGI worker 1 (pid: 10796, cores: 4)
spawned uWSGI worker 2 (pid: 10797, cores: 4)
spawned uWSGI worker 3 (pid: 10798, cores: 4)
spawned uWSGI worker 4 (pid: 10802, cores: 4)
*** Starting uWSGI 2.0.18 (64bit) on [Mon Dec 23 11:06:49 2019] ***
compiled with version: 7.4.0 on 20 December 2019 02:48:36
os: Linux-5.0.0-37-generic #40~18.04.1-Ubuntu SMP Thu Nov 14 12:06:39 UTC 2019
nodename: tsc-System-Product-Name
machine: x86_64
clock source: unix
pcre jit disabled
detected number of CPU cores: 6
current working directory: /home/test/django/ReviewLp
writing pidfile to /home/test/django/ReviewLp/mysite_uwsgi/master.pid
detected binary path: /usr/local/bin/uwsgi
uWSGI running as root, you can use --uid/--gid/--chroot options
setuid() to 1000
chdir() to /home/test/django/ReviewLp/Review/
your processes number limit is 63328
your memory page size is 4096 bytes
detected max file descriptor number: 1024
VirtualHosting mode enabled.
lock engine: pthread robust mutexes
thunder lock: disabled (you can enable it with --thunder-lock)
uwsgi socket 0 bound to TCP address 0.0.0.0:8080 fd 3
Python version: 3.6.9 (default, Nov  7 2019, 10:44:02)  [GCC 8.3.0]
Python main interpreter initialized at 0x5581f0f44750
python threads support enabled
your server socket listen backlog is limited to 100 connections
your mercy for graceful operations on workers is 60 seconds
mapped 1750220 bytes (1709 KB) for 16 cores
*** Operational MODE: preforking+threaded ***
ModuleNotFoundError: No module named 'mysite'
unable to load app 0 (mountpoint='') (callable not found or import error)
WSGI app 0 (mountpoint='') ready in 0 seconds on interpreter 0x5581f0f44750 pid: 12580 (default app)
*** uWSGI is running in multiple interpreter mode ***
spawned uWSGI master process (pid: 12580)
spawned uWSGI worker 1 (pid: 12582, cores: 4)
spawned uWSGI worker 2 (pid: 12583, cores: 4)
spawned uWSGI worker 3 (pid: 12587, cores: 4)
spawned uWSGI worker 4 (pid: 12591, cores: 4)
uwsgi_proto_uwsgi_parser(): Success [proto/uwsgi.c line 40]
uwsgi_proto_uwsgi_parser(): Resource temporarily unavailable [proto/uwsgi.c line 40]
uwsgi_proto_uwsgi_parser(): Resource temporarily unavailable [proto/uwsgi.c line 40]
uwsgi_proto_uwsgi_parser(): Resource temporarily unavailable [proto/uwsgi.c line 40]
*** Starting uWSGI 2.0.18 (64bit) on [Mon Dec 23 11:59:57 2019] ***
compiled with version: 7.4.0 on 20 December 2019 02:48:36
os: Linux-5.0.0-37-generic #40~18.04.1-Ubuntu SMP Thu Nov 14 12:06:39 UTC 2019
nodename: tsc-System-Product-Name
machine: x86_64
clock source: unix
pcre jit disabled
detected number of CPU cores: 6
current working directory: /home/test/django/ReviewLp
writing pidfile to /home/test/django/ReviewLp/mysite_uwsgi/master.pid
detected binary path: /usr/local/bin/uwsgi
uWSGI running as root, you can use --uid/--gid/--chroot options
setuid() to 1000
chdir() to /home/test/django/ReviewLp/Review/
your processes number limit is 63328
your memory page size is 4096 bytes
detected max file descriptor number: 1024
VirtualHosting mode enabled.
lock engine: pthread robust mutexes
thunder lock: disabled (you can enable it with --thunder-lock)
probably another instance of uWSGI is running on the same address (0.0.0.0:8080).
bind(): Address already in use [core/socket.c line 769]
*** Starting uWSGI 2.0.18 (64bit) on [Mon Dec 23 12:00:27 2019] ***
compiled with version: 7.4.0 on 20 December 2019 02:48:36
os: Linux-5.0.0-37-generic #40~18.04.1-Ubuntu SMP Thu Nov 14 12:06:39 UTC 2019
nodename: tsc-System-Product-Name
machine: x86_64
clock source: unix
pcre jit disabled
detected number of CPU cores: 6
current working directory: /home/test/django/ReviewLp
writing pidfile to /home/test/django/ReviewLp/mysite_uwsgi/master.pid
detected binary path: /usr/local/bin/uwsgi
uWSGI running as root, you can use --uid/--gid/--chroot options
setuid() to 1000
chdir() to /home/test/django/ReviewLp/Review/
your processes number limit is 63328
your memory page size is 4096 bytes
detected max file descriptor number: 1024
VirtualHosting mode enabled.
lock engine: pthread robust mutexes
thunder lock: disabled (you can enable it with --thunder-lock)
probably another instance of uWSGI is running on the same address (0.0.0.0:8080).
bind(): Address already in use [core/socket.c line 769]
*** Starting uWSGI 2.0.18 (64bit) on [Mon Dec 23 12:00:50 2019] ***
compiled with version: 7.4.0 on 20 December 2019 02:48:36
os: Linux-5.0.0-37-generic #40~18.04.1-Ubuntu SMP Thu Nov 14 12:06:39 UTC 2019
nodename: tsc-System-Product-Name
machine: x86_64
clock source: unix
pcre jit disabled
detected number of CPU cores: 6
current working directory: /home/test/django/ReviewLp
writing pidfile to /home/test/django/ReviewLp/mysite_uwsgi/master.pid
detected binary path: /usr/local/bin/uwsgi
uWSGI running as root, you can use --uid/--gid/--chroot options
setuid() to 1000
chdir() to /home/test/django/ReviewLp/Review/
your processes number limit is 63328
your memory page size is 4096 bytes
detected max file descriptor number: 1024
VirtualHosting mode enabled.
lock engine: pthread robust mutexes
thunder lock: disabled (you can enable it with --thunder-lock)
uwsgi socket 0 bound to TCP address 0.0.0.0:8080 fd 3
Python version: 3.6.9 (default, Nov  7 2019, 10:44:02)  [GCC 8.3.0]
Python main interpreter initialized at 0x564ab020d570
python threads support enabled
your server socket listen backlog is limited to 100 connections
your mercy for graceful operations on workers is 60 seconds
mapped 1750220 bytes (1709 KB) for 16 cores
*** Operational MODE: preforking+threaded ***
WSGI app 0 (mountpoint='') ready in 0 seconds on interpreter 0x564ab020d570 pid: 15848 (default app)
*** uWSGI is running in multiple interpreter mode ***
spawned uWSGI master process (pid: 15848)
spawned uWSGI worker 1 (pid: 15850, cores: 4)
spawned uWSGI worker 2 (pid: 15851, cores: 4)
spawned uWSGI worker 3 (pid: 15855, cores: 4)
spawned uWSGI worker 4 (pid: 15859, cores: 4)
*** Starting uWSGI 2.0.18 (64bit) on [Mon Dec 23 12:01:21 2019] ***
compiled with version: 7.4.0 on 20 December 2019 02:48:36
os: Linux-5.0.0-37-generic #40~18.04.1-Ubuntu SMP Thu Nov 14 12:06:39 UTC 2019
nodename: tsc-System-Product-Name
machine: x86_64
clock source: unix
pcre jit disabled
detected number of CPU cores: 6
current working directory: /home/test/django/ReviewLp
writing pidfile to /home/test/django/ReviewLp/mysite_uwsgi/master.pid
detected binary path: /usr/local/bin/uwsgi
uWSGI running as root, you can use --uid/--gid/--chroot options
*** WARNING: you are running uWSGI as root !!! (use the --uid flag) *** 
chdir() to /home/test/django/ReviewLp/Review/
your processes number limit is 63328
your memory page size is 4096 bytes
detected max file descriptor number: 1024
VirtualHosting mode enabled.
lock engine: pthread robust mutexes
thunder lock: disabled (you can enable it with --thunder-lock)
uwsgi socket 0 bound to TCP address 0.0.0.0:8080 fd 3
uWSGI running as root, you can use --uid/--gid/--chroot options
*** WARNING: you are running uWSGI as root !!! (use the --uid flag) *** 
Python version: 3.6.9 (default, Nov  7 2019, 10:44:02)  [GCC 8.3.0]
Python main interpreter initialized at 0x55d388c4e650
uWSGI running as root, you can use --uid/--gid/--chroot options
*** WARNING: you are running uWSGI as root !!! (use the --uid flag) *** 
python threads support enabled
your server socket listen backlog is limited to 100 connections
your mercy for graceful operations on workers is 60 seconds
mapped 1750220 bytes (1709 KB) for 16 cores
*** Operational MODE: preforking+threaded ***
WSGI app 0 (mountpoint='') ready in 0 seconds on interpreter 0x55d388c4e650 pid: 15929 (default app)
uWSGI running as root, you can use --uid/--gid/--chroot options
*** WARNING: you are running uWSGI as root !!! (use the --uid flag) *** 
*** uWSGI is running in multiple interpreter mode ***
spawned uWSGI master process (pid: 15929)
spawned uWSGI worker 1 (pid: 15931, cores: 4)
spawned uWSGI worker 2 (pid: 15932, cores: 4)
spawned uWSGI worker 3 (pid: 15936, cores: 4)
spawned uWSGI worker 4 (pid: 15940, cores: 4)
